<?xml version="1.0" encoding="utf-8"?><testsuites><testsuite name="pytest" errors="0" failures="0" skipped="0" tests="4" time="0.345" timestamp="2023-02-05T15:59:05.130064" hostname="DESKTOP-CBLR8B7"><testcase classname="test_csv_combiner.TestCSVCombiner" name="test_no_args" time="0.089" /><testcase classname="test_csv_combiner.TestCSVCombiner" name="test_non_csv_files" time="0.073" /><testcase classname="test_csv_combiner.TestCSVCombiner" name="test_three_files" time="0.073" /><testcase classname="test_csv_combiner.TestCSVCombiner" name="test_two_files" time="0.074" /></testsuite></testsuites>