<?xml version="1.0" encoding="utf-8"?><testsuites><testsuite name="pytest" errors="0" failures="0" skipped="0" tests="4" time="0.325" timestamp="2023-02-05T16:02:25.013191" hostname="DESKTOP-CBLR8B7"><testcase classname="test_csv_combiner.TestCSVCombiner" name="test_no_args" time="0.076" /><testcase classname="test_csv_combiner.TestCSVCombiner" name="test_non_csv_files" time="0.071" /><testcase classname="test_csv_combiner.TestCSVCombiner" name="test_three_files" time="0.072" /><testcase classname="test_csv_combiner.TestCSVCombiner" name="test_two_files" time="0.071" /></testsuite></testsuites>