<?xml version="1.0" encoding="utf-8"?><testsuites><testsuite name="pytest" errors="0" failures="2" skipped="0" tests="4" time="0.395" timestamp="2023-02-05T16:36:54.076158" hostname="DESKTOP-CBLR8B7"><testcase classname="test_csv_combiner.TestCSVCombiner" name="test_no_args" time="0.077" /><testcase classname="test_csv_combiner.TestCSVCombiner" name="test_non_csv_files" time="0.072" /><testcase classname="test_csv_combiner.TestCSVCombiner" name="test_three_files" time="0.073"><failure message="AssertionError: b'ema[21 chars]name\r\nb9f6f22276c919da793da65c76345ebb0b0722[1106 chars].csv' != b'ema[21 chars]name\nb9f6f22276c919da793da65c76345ebb0b072257[1082 chars].csv' : CSV files not combined correctly">self = &lt;test_csv_combiner.TestCSVCombiner testMethod=test_three_files&gt;

    def test_three_files(self):
        """test combination of three csv files"""
        result = subprocess.run(['python3', 'csv_combiner.py', './test-fixtures/accessories.csv',
                                './test-fixtures/clothing.csv', './test-fixtures/household_cleaners.csv'], stdout=subprocess.PIPE)
        expected_output = b'email_hash,category,filename\nb9f6f22276c919da793da65c76345ebb0b072257d12402107d09c89bc369a6b6,Wallets,accessories.csv\nc2b5fa9e09ef2464a2b9ed7e351a5e1499823083c057913c6995fdf4335c73e7,Purses,accessories.csv\nfaaee0ff7d06b05313ecb75d46a9aed014b11023ca1af5ec21a0607848071d18,Watches,accessories.csv\n5cd72da5035f2b36b604a16efc639cd04b6cfae7e487dcba60db88d3ef870f1e,Wallets,accessories.csv\nb9f6f22276c919da793da65c76345ebb0b072257d12402107d09c89bc369a6b6,Cardigans,clothing.csv\nc2b5fa9e09ef2464a2b9ed7e351a5e1499823083c057913c6995fdf4335c73e7,Cardigans,clothing.csv\nfaaee0ff7d06b05313ecb75d46a9aed014b11023ca1af5ec21a0607848071d18,Tanks,clothing.csv\n5cd72da5035f2b36b604a16efc639cd04b6cfae7e487dcba60db88d3ef870f1e,Tanks,clothing.csv\nb9f6f22276c919da793da65c76345ebb0b072257d12402107d09c89bc369a6b6,Kitchen Cleaner,household_cleaners.csv\nc2b5fa9e09ef2464a2b9ed7e351a5e1499823083c057913c6995fdf4335c73e7,Kitchen Cleaner,household_cleaners.csv\nfaaee0ff7d06b05313ecb75d46a9aed014b11023ca1af5ec21a0607848071d18,Kitchen Cleaner,household_cleaners.csv\n5cd72da5035f2b36b604a16efc639cd04b6cfae7e487dcba60db88d3ef870f1e,Bathroom Cleaner,household_cleaners.csv'
&gt;       self.assertEqual(result.stdout.strip(), expected_output,
                         "CSV files not combined correctly")
E       AssertionError: b'ema[21 chars]name\r\nb9f6f22276c919da793da65c76345ebb0b0722[1106 chars].csv' != b'ema[21 chars]name\nb9f6f22276c919da793da65c76345ebb0b072257[1082 chars].csv' : CSV files not combined correctly

test_csv_combiner.py:21: AssertionError</failure></testcase><testcase classname="test_csv_combiner.TestCSVCombiner" name="test_two_files" time="0.074"><failure message="AssertionError: 'email_hash,category,filename\nb9f6f22276[691 chars].csv' != b'email_hash,category,filename\nb9f6f2227[692 chars].csv' : CSV files not combined correctly">self = &lt;test_csv_combiner.TestCSVCombiner testMethod=test_two_files&gt;

    def test_two_files(self):
        """test combination of two csv files"""
        result = subprocess.run(['python3', 'csv_combiner.py', './test-fixtures/accessories.csv',
                                './test-fixtures/clothing.csv'], stdout=subprocess.PIPE, universal_newlines='\n')
        expected_output = b'email_hash,category,filename\nb9f6f22276c919da793da65c76345ebb0b072257d12402107d09c89bc369a6b6,Wallets,accessories.csv\nc2b5fa9e09ef2464a2b9ed7e351a5e1499823083c057913c6995fdf4335c73e7,Purses,accessories.csv\nfaaee0ff7d06b05313ecb75d46a9aed014b11023ca1af5ec21a0607848071d18,Watches,accessories.csv\n5cd72da5035f2b36b604a16efc639cd04b6cfae7e487dcba60db88d3ef870f1e,Wallets,accessories.csv\nb9f6f22276c919da793da65c76345ebb0b072257d12402107d09c89bc369a6b6,Cardigans,clothing.csv\nc2b5fa9e09ef2464a2b9ed7e351a5e1499823083c057913c6995fdf4335c73e7,Cardigans,clothing.csv\nfaaee0ff7d06b05313ecb75d46a9aed014b11023ca1af5ec21a0607848071d18,Tanks,clothing.csv\n5cd72da5035f2b36b604a16efc639cd04b6cfae7e487dcba60db88d3ef870f1e,Tanks,clothing.csv'
&gt;       self.assertEqual(result.stdout.strip(), expected_output,
                         "CSV files not combined correctly")
E       AssertionError: 'email_hash,category,filename\nb9f6f22276[691 chars].csv' != b'email_hash,category,filename\nb9f6f2227[692 chars].csv' : CSV files not combined correctly

test_csv_combiner.py:13: AssertionError</failure></testcase></testsuite></testsuites>