<?xml version="1.0" encoding="utf-8"?><testsuites><testsuite name="pytest" errors="0" failures="1" skipped="0" tests="4" time="0.394" timestamp="2023-02-05T16:35:51.693474" hostname="DESKTOP-CBLR8B7"><testcase classname="test_csv_combiner.TestCSVCombiner" name="test_no_args" time="0.078" /><testcase classname="test_csv_combiner.TestCSVCombiner" name="test_non_csv_files" time="0.073" /><testcase classname="test_csv_combiner.TestCSVCombiner" name="test_three_files" time="0.072" /><testcase classname="test_csv_combiner.TestCSVCombiner" name="test_two_files" time="0.073"><failure message="AssertionError: 'email_hash,category,filename\nb9f6f22276[691 chars].csv' != b'email_hash,category,filename\r\nb9f6f22[708 chars].csv' : CSV files not combined correctly">self = &lt;test_csv_combiner.TestCSVCombiner testMethod=test_two_files&gt;

    def test_two_files(self):
        """test combination of two csv files"""
        result = subprocess.run(['python3', 'csv_combiner.py', './test-fixtures/accessories.csv',
                                './test-fixtures/clothing.csv'], stdout=subprocess.PIPE, universal_newlines='\n')
        expected_output = b'email_hash,category,filename\r\nb9f6f22276c919da793da65c76345ebb0b072257d12402107d09c89bc369a6b6,Wallets,accessories.csv\r\nc2b5fa9e09ef2464a2b9ed7e351a5e1499823083c057913c6995fdf4335c73e7,Purses,accessories.csv\r\nfaaee0ff7d06b05313ecb75d46a9aed014b11023ca1af5ec21a0607848071d18,Watches,accessories.csv\r\n5cd72da5035f2b36b604a16efc639cd04b6cfae7e487dcba60db88d3ef870f1e,Wallets,accessories.csv\r\nb9f6f22276c919da793da65c76345ebb0b072257d12402107d09c89bc369a6b6,Cardigans,clothing.csv\r\nc2b5fa9e09ef2464a2b9ed7e351a5e1499823083c057913c6995fdf4335c73e7,Cardigans,clothing.csv\r\nfaaee0ff7d06b05313ecb75d46a9aed014b11023ca1af5ec21a0607848071d18,Tanks,clothing.csv\r\n5cd72da5035f2b36b604a16efc639cd04b6cfae7e487dcba60db88d3ef870f1e,Tanks,clothing.csv'
&gt;       self.assertEqual(result.stdout.strip(), expected_output,
                         "CSV files not combined correctly")
E       AssertionError: 'email_hash,category,filename\nb9f6f22276[691 chars].csv' != b'email_hash,category,filename\r\nb9f6f22[708 chars].csv' : CSV files not combined correctly

test_csv_combiner.py:13: AssertionError</failure></testcase></testsuite></testsuites>